#! /usr/bin/vvp
:ivl_version "0.9.7 " "(v0_9_7)";
:vpi_time_precision + 0;
:vpi_module "system";
:vpi_module "v2005_math";
:vpi_module "va_math";
S_0x1e2dc50 .scope module, "test" "test" 2 65;
 .timescale 0 0;
v0x1e6d5c0_0 .var "clk", 0 0;
v0x1e6d660_0 .var "clk_result", 0 0;
v0x1e6d710_0 .var "in_a", 15 0;
v0x1e6d7c0_0 .var "in_b", 15 0;
v0x1e6d8a0_0 .var "in_tipo_diag", 0 0;
v0x1e6d950_0 .net "out_result", 15 0, v0x1e6cfc0_0; 1 drivers
v0x1e6d9d0_0 .net "out_s", 15 0, v0x1e6d060_0; 1 drivers
v0x1e6da80_0 .net "out_s2", 15 0, v0x1e6cf20_0; 1 drivers
v0x1e6db30_0 .net "out_x1", 15 0, v0x1e6d1b0_0; 1 drivers
v0x1e6dbe0_0 .net "out_x2", 15 0, v0x1e6d2d0_0; 1 drivers
v0x1e6dc90_0 .net "out_x3", 15 0, v0x1e6d350_0; 1 drivers
v0x1e6dd40_0 .net "out_y1", 15 0, v0x1e6d230_0; 1 drivers
v0x1e6ddf0_0 .net "out_y2", 15 0, v0x1e6d480_0; 1 drivers
v0x1e6dea0_0 .net "out_y3", 15 0, v0x1e6d3d0_0; 1 drivers
S_0x1e2d8d0 .scope module, "A" "Somador" 2 88, 2 1, S_0x1e2dc50;
 .timescale 0 0;
v0x1e2cc70_0 .net "clk", 0 0, v0x1e6d5c0_0; 1 drivers
v0x1e6c5b0_0 .net "clk_result", 0 0, v0x1e6d660_0; 1 drivers
v0x1e6c650_0 .net "in_a", 15 0, v0x1e6d710_0; 1 drivers
v0x1e6c6f0_0 .net "in_b", 15 0, v0x1e6d7c0_0; 1 drivers
v0x1e6c7a0_0 .net "in_tipo_diag", 0 0, v0x1e6d8a0_0; 1 drivers
v0x1e6c840_0 .alias "out_result", 15 0, v0x1e6d950_0;
v0x1e6c920_0 .alias "out_s", 15 0, v0x1e6d9d0_0;
v0x1e6c9c0_0 .alias "out_s2", 15 0, v0x1e6da80_0;
v0x1e6cab0_0 .alias "out_x1", 15 0, v0x1e6db30_0;
v0x1e6cb50_0 .alias "out_x2", 15 0, v0x1e6dbe0_0;
v0x1e6cc50_0 .alias "out_x3", 15 0, v0x1e6dc90_0;
v0x1e6ccf0_0 .alias "out_y1", 15 0, v0x1e6dd40_0;
v0x1e6ce00_0 .alias "out_y2", 15 0, v0x1e6ddf0_0;
v0x1e6cea0_0 .alias "out_y3", 15 0, v0x1e6dea0_0;
v0x1e6cfc0_0 .var "reg_result", 15 0;
v0x1e6d060_0 .var "reg_s", 15 0;
v0x1e6cf20_0 .var "reg_s2", 15 0;
v0x1e6d1b0_0 .var "reg_x1", 15 0;
v0x1e6d2d0_0 .var "reg_x2", 15 0;
v0x1e6d350_0 .var "reg_x3", 15 0;
v0x1e6d230_0 .var "reg_y1", 15 0;
v0x1e6d480_0 .var "reg_y2", 15 0;
v0x1e6d3d0_0 .var "reg_y3", 15 0;
E_0x1e2db00 .event posedge, v0x1e6c5b0_0;
E_0x1e2d400 .event posedge, v0x1e6c7a0_0;
E_0x1e3ecd0 .event posedge, v0x1e2cc70_0;
    .scope S_0x1e2d8d0;
T_0 ;
    %set/v v0x1e6d060_0, 0, 16;
    %end;
    .thread T_0;
    .scope S_0x1e2d8d0;
T_1 ;
    %set/v v0x1e6cf20_0, 0, 16;
    %end;
    .thread T_1;
    .scope S_0x1e2d8d0;
T_2 ;
    %set/v v0x1e6cfc0_0, 0, 16;
    %end;
    .thread T_2;
    .scope S_0x1e2d8d0;
T_3 ;
    %movi 8, 1, 16;
    %set/v v0x1e6d1b0_0, 8, 16;
    %end;
    .thread T_3;
    .scope S_0x1e2d8d0;
T_4 ;
    %movi 8, 2, 16;
    %set/v v0x1e6d230_0, 8, 16;
    %end;
    .thread T_4;
    .scope S_0x1e2d8d0;
T_5 ;
    %movi 8, 3, 16;
    %set/v v0x1e6d2d0_0, 8, 16;
    %end;
    .thread T_5;
    .scope S_0x1e2d8d0;
T_6 ;
    %movi 8, 4, 16;
    %set/v v0x1e6d480_0, 8, 16;
    %end;
    .thread T_6;
    .scope S_0x1e2d8d0;
T_7 ;
    %movi 8, 5, 16;
    %set/v v0x1e6d350_0, 8, 16;
    %end;
    .thread T_7;
    .scope S_0x1e2d8d0;
T_8 ;
    %movi 8, 3, 16;
    %set/v v0x1e6d3d0_0, 8, 16;
    %end;
    .thread T_8;
    .scope S_0x1e2d8d0;
T_9 ;
    %wait E_0x1e3ecd0;
    %load/v 8, v0x1e6d060_0, 16;
    %load/v 24, v0x1e6c650_0, 16;
    %load/v 40, v0x1e6c6f0_0, 16;
    %mul 24, 40, 16;
    %add 8, 24, 16;
    %ix/load 0, 16, 0;
    %assign/v0 v0x1e6d060_0, 0, 8;
    %jmp T_9;
    .thread T_9;
    .scope S_0x1e2d8d0;
T_10 ;
    %wait E_0x1e2d400;
    %load/v 8, v0x1e6cf20_0, 16;
    %load/v 24, v0x1e6c650_0, 16;
    %load/v 40, v0x1e6c6f0_0, 16;
    %mul 24, 40, 16;
    %add 8, 24, 16;
    %ix/load 0, 16, 0;
    %assign/v0 v0x1e6cf20_0, 0, 8;
    %jmp T_10;
    .thread T_10;
    .scope S_0x1e2d8d0;
T_11 ;
    %wait E_0x1e2db00;
    %load/v 8, v0x1e6d060_0, 16;
    %load/v 24, v0x1e6cf20_0, 16;
    %sub 8, 24, 16;
    %ix/load 0, 16, 0;
    %assign/v0 v0x1e6cfc0_0, 0, 8;
    %jmp T_11;
    .thread T_11;
    .scope S_0x1e2dc50;
T_12 ;
    %vpi_call 2 107 "$dumpvars", 1'sb0, S_0x1e2d8d0;
    %delay 0, 0;
    %ix/load 0, 1, 0;
    %assign/v0 v0x1e6d5c0_0, 0, 1;
    %ix/load 0, 1, 0;
    %assign/v0 v0x1e6d8a0_0, 0, 0;
    %ix/load 0, 1, 0;
    %assign/v0 v0x1e6d660_0, 0, 0;
    %load/v 8, v0x1e6db30_0, 16;
    %ix/load 0, 16, 0;
    %assign/v0 v0x1e6d710_0, 0, 8;
    %load/v 8, v0x1e6ddf0_0, 16;
    %ix/load 0, 16, 0;
    %assign/v0 v0x1e6d7c0_0, 0, 8;
    %delay 5, 0;
    %load/v 8, v0x1e6d5c0_0, 1;
    %inv 8, 1;
    %ix/load 0, 1, 0;
    %assign/v0 v0x1e6d5c0_0, 0, 8;
    %delay 5, 0;
    %load/v 8, v0x1e6d5c0_0, 1;
    %inv 8, 1;
    %ix/load 0, 1, 0;
    %assign/v0 v0x1e6d5c0_0, 0, 8;
    %load/v 8, v0x1e6dbe0_0, 16;
    %ix/load 0, 16, 0;
    %assign/v0 v0x1e6d710_0, 0, 8;
    %load/v 8, v0x1e6dea0_0, 16;
    %ix/load 0, 16, 0;
    %assign/v0 v0x1e6d7c0_0, 0, 8;
    %delay 5, 0;
    %load/v 8, v0x1e6d5c0_0, 1;
    %inv 8, 1;
    %ix/load 0, 1, 0;
    %assign/v0 v0x1e6d5c0_0, 0, 8;
    %delay 5, 0;
    %load/v 8, v0x1e6d5c0_0, 1;
    %inv 8, 1;
    %ix/load 0, 1, 0;
    %assign/v0 v0x1e6d5c0_0, 0, 8;
    %load/v 8, v0x1e6dd40_0, 16;
    %ix/load 0, 16, 0;
    %assign/v0 v0x1e6d710_0, 0, 8;
    %load/v 8, v0x1e6dc90_0, 16;
    %ix/load 0, 16, 0;
    %assign/v0 v0x1e6d7c0_0, 0, 8;
    %delay 5, 0;
    %load/v 8, v0x1e6d5c0_0, 1;
    %inv 8, 1;
    %ix/load 0, 1, 0;
    %assign/v0 v0x1e6d5c0_0, 0, 8;
    %delay 5, 0;
    %ix/load 0, 1, 0;
    %assign/v0 v0x1e6d8a0_0, 0, 1;
    %load/v 8, v0x1e6dc90_0, 16;
    %ix/load 0, 16, 0;
    %assign/v0 v0x1e6d710_0, 0, 8;
    %load/v 8, v0x1e6ddf0_0, 16;
    %ix/load 0, 16, 0;
    %assign/v0 v0x1e6d7c0_0, 0, 8;
    %delay 5, 0;
    %load/v 8, v0x1e6d8a0_0, 1;
    %inv 8, 1;
    %ix/load 0, 1, 0;
    %assign/v0 v0x1e6d8a0_0, 0, 8;
    %delay 5, 0;
    %load/v 8, v0x1e6d8a0_0, 1;
    %inv 8, 1;
    %ix/load 0, 1, 0;
    %assign/v0 v0x1e6d8a0_0, 0, 8;
    %load/v 8, v0x1e6dbe0_0, 16;
    %ix/load 0, 16, 0;
    %assign/v0 v0x1e6d710_0, 0, 8;
    %load/v 8, v0x1e6dd40_0, 16;
    %ix/load 0, 16, 0;
    %assign/v0 v0x1e6d7c0_0, 0, 8;
    %delay 5, 0;
    %load/v 8, v0x1e6d8a0_0, 1;
    %inv 8, 1;
    %ix/load 0, 1, 0;
    %assign/v0 v0x1e6d8a0_0, 0, 8;
    %delay 5, 0;
    %load/v 8, v0x1e6d8a0_0, 1;
    %inv 8, 1;
    %ix/load 0, 1, 0;
    %assign/v0 v0x1e6d8a0_0, 0, 8;
    %load/v 8, v0x1e6dea0_0, 16;
    %ix/load 0, 16, 0;
    %assign/v0 v0x1e6d710_0, 0, 8;
    %load/v 8, v0x1e6db30_0, 16;
    %ix/load 0, 16, 0;
    %assign/v0 v0x1e6d7c0_0, 0, 8;
    %delay 5, 0;
    %load/v 8, v0x1e6d660_0, 1;
    %inv 8, 1;
    %ix/load 0, 1, 0;
    %assign/v0 v0x1e6d660_0, 0, 8;
    %delay 500, 0;
    %vpi_call 2 162 "$finish";
    %end;
    .thread T_12;
# The file index is used to find the file name in the following table.
:file_names 3;
    "N/A";
    "<interactive>";
    "a.v";
